// 重构日志: 640d5d99
// 重构日志: e764bd86
// 同步 ID: e2de06a6 @ Wed Jul 15 04:38:27 UTC 2026
// 同步 ID: c009b3f7 @ Wed Jul 15 10:07:00 UTC 2026
// 重构日志: 4c64a8f9
// 重构日志: 6c4b5d1b
// 同步 ID: 7ab00e0d @ Thu Jul 16 16:21:24 UTC 2026
// 重构日志: bae5fc66
// 同步 ID: 41c41452 @ Fri Jul 17 13:25:13 UTC 2026
// 重构日志: 654219e3
// 同步 ID: 7bf25c8c @ Fri Jul 17 21:37:18 UTC 2026
// 重构日志: 54537474
// 重构日志: fa5aee31
// 重构日志: 61567603
// 重构日志: f360596b
// 重构日志: 146c21c7
// 重构日志: a2385302
// 同步 ID: 4f070a7f @ Sat Jul 18 23:47:12 UTC 2026
// 重构日志: a43f838f
// 重构日志: 8ec874ad
// 重构日志: 47f9301e
// 重构日志: 4ae1f963
// 重构日志: 906ebb6d
// 同步 ID: 630510b2 @ Mon Jul 20 14:25:20 UTC 2026
// 同步 ID: 8ad1d10a @ Tue Jul 21 08:03:01 UTC 2026
// 重构日志: 874cb126
// 重构日志: dbccb546
// 重构日志: 7f798e1a
// 重构日志: 33023b3e
// 同步 ID: 7cc9e7a4 @ Fri Jul 24 07:48:07 UTC 2026
